\BOOKMARK [1][-]{section.1}{Linear Algebra}{}% 1
\BOOKMARK [2][-]{subsection.1.1}{Vectors}{section.1}% 2
\BOOKMARK [2][-]{subsection.1.2}{Matrices}{section.1}% 3
\BOOKMARK [2][-]{subsection.1.3}{Vector Space}{section.1}% 4
\BOOKMARK [2][-]{subsection.1.4}{Eigendecomposition}{section.1}% 5
\BOOKMARK [1][-]{section.2}{Equations of Lines and Planes}{}% 6
\BOOKMARK [2][-]{subsection.2.1}{The Vector and Parametric Form Equation of a Line}{section.2}% 7
\BOOKMARK [2][-]{subsection.2.2}{The Scalar Equation of a Plane}{section.2}% 8
\BOOKMARK [1][-]{section.3}{Differentiation}{}% 9
\BOOKMARK [2][-]{subsection.3.1}{Functions, Graphs, Level Sets, and Vector Fields}{section.3}% 10
\BOOKMARK [2][-]{subsection.3.2}{Partial Derivatives}{section.3}% 11
\BOOKMARK [2][-]{subsection.3.3}{Differentiation and the Total Derivative}{section.3}% 12
\BOOKMARK [2][-]{subsection.3.4}{The Chain Rule}{section.3}% 13
\BOOKMARK [1][-]{section.4}{Applications of Differentiation}{}% 14
\BOOKMARK [2][-]{subsection.4.1}{Gradient, Divergence, and Curl}{section.4}% 15
\BOOKMARK [2][-]{subsection.4.2}{The Hessian Matrix}{section.4}% 16
\BOOKMARK [2][-]{subsection.4.3}{Local Extrema}{section.4}% 17
\BOOKMARK [2][-]{subsection.4.4}{Constrained Optimization}{section.4}% 18
\BOOKMARK [1][-]{section.5}{Integration}{}% 19
\BOOKMARK [2][-]{subsection.5.1}{Paths and Arclength}{section.5}% 20
\BOOKMARK [2][-]{subsection.5.2}{Iterated Integrals}{section.5}% 21
\BOOKMARK [2][-]{subsection.5.3}{Line Integrals}{section.5}% 22
\BOOKMARK [1][-]{section.6}{Fundamental Theorems}{}% 23
\BOOKMARK [2][-]{subsection.6.1}{Fundamental Theorem of Calculus}{section.6}% 24
\BOOKMARK [2][-]{subsection.6.2}{Fundamental Theorem of Line Integrals}{section.6}% 25
